[01m[K/home/dt/HRIPapers/BehaviorTreeWork/src/planning/src/BT_pnp.cpp:[m[K In member function ‘[01m[Kvirtual BT::NodeStatus Pick::tick()[m[K’:
[01m[K/home/dt/HRIPapers/BehaviorTreeWork/src/planning/src/BT_pnp.cpp:28:9:[m[K [01;35m[Kwarning: [m[Kno return statement in function returning non-void [[01;35m[K-Wreturn-type[m[K]
   28 |         [01;35m[K}[m[K
      |         [01;35m[K^[m[K
[01m[K/home/dt/HRIPapers/BehaviorTreeWork/src/planning/src/BT_pnp.cpp:[m[K In member function ‘[01m[Kvirtual BT::NodeStatus gotoGoal::tick()[m[K’:
[01m[K/home/dt/HRIPapers/BehaviorTreeWork/src/planning/src/BT_pnp.cpp:63:9:[m[K [01;35m[Kwarning: [m[Kno return statement in function returning non-void [[01;35m[K-Wreturn-type[m[K]
   63 |         [01;35m[K}[m[K
      |         [01;35m[K^[m[K
[01m[K/home/dt/HRIPapers/BehaviorTreeWork/src/planning/src/BT_pnp.cpp:[m[K In static member function ‘[01m[Kstatic void DetectArucoPlaces::DetectArucoPlacesCallback(aruco_msgs::MarkerArray_<std::allocator<void> >::Ptr)[m[K’:
[01m[K/home/dt/HRIPapers/BehaviorTreeWork/src/planning/src/BT_pnp.cpp:99:17:[m[K [01;31m[Kerror: [m[Kinvalid use of member ‘[01m[KDetectArucoPlaces::Poses[m[K’ in static member function
   99 |                 [01;31m[KPoses[m[K.push_back(msg->markers[i].pose);
      |                 [01;31m[K^~~~~[m[K
[01m[K/home/dt/HRIPapers/BehaviorTreeWork/src/planning/src/BT_pnp.cpp:92:56:[m[K [01;36m[Knote: [m[Kdeclared here
   92 |         std::vector<geometry_msgs::PoseWithCovariance> [01;36m[KPoses[m[K;
      |                                                        [01;36m[K^~~~~[m[K
[01m[K/home/dt/HRIPapers/BehaviorTreeWork/src/planning/src/BT_pnp.cpp:100:17:[m[K [01;31m[Kerror: [m[Kinvalid use of member ‘[01m[KDetectArucoPlaces::labels[m[K’ in static member function
  100 |                 [01;31m[Klabels[m[K.push_back(msg->markers[i].id);
      |                 [01;31m[K^~~~~~[m[K
[01m[K/home/dt/HRIPapers/BehaviorTreeWork/src/planning/src/BT_pnp.cpp:91:26:[m[K [01;36m[Knote: [m[Kdeclared here
   91 |         std::vector<int> [01;36m[Klabels[m[K;
      |                          [01;36m[K^~~~~~[m[K
[01m[K/home/dt/HRIPapers/BehaviorTreeWork/src/planning/src/BT_pnp.cpp:[m[K In member function ‘[01m[Kvirtual BT::NodeStatus DetectArucoPlaces::tick()[m[K’:
[01m[K/home/dt/HRIPapers/BehaviorTreeWork/src/planning/src/BT_pnp.cpp:109:9:[m[K [01;35m[Kwarning: [m[Kno return statement in function returning non-void [[01;35m[K-Wreturn-type[m[K]
  109 |         [01;35m[K}[m[K
      |         [01;35m[K^[m[K
make[2]: *** [CMakeFiles/run.dir/build.make:63: CMakeFiles/run.dir/src/BT_pnp.cpp.o] Error 1
make[1]: *** [CMakeFiles/Makefile2:1613: CMakeFiles/run.dir/all] Error 2
make: *** [Makefile:141: all] Error 2
