[01m[K/home/dt/HRIPapers/BehaviorTreeWork/src/planning/src/BT_pnp.cpp:[m[K In member function ‘[01m[Kvirtual BT::NodeStatus Pick::tick()[m[K’:
[01m[K/home/dt/HRIPapers/BehaviorTreeWork/src/planning/src/BT_pnp.cpp:27:9:[m[K [01;35m[Kwarning: [m[Kno return statement in function returning non-void [[01;35m[K-Wreturn-type[m[K]
   27 |         [01;35m[K}[m[K
      |         [01;35m[K^[m[K
[01m[K/home/dt/HRIPapers/BehaviorTreeWork/src/planning/src/BT_pnp.cpp:[m[K In member function ‘[01m[Kvirtual BT::NodeStatus gotoGoal::tick()[m[K’:
[01m[K/home/dt/HRIPapers/BehaviorTreeWork/src/planning/src/BT_pnp.cpp:62:9:[m[K [01;35m[Kwarning: [m[Kno return statement in function returning non-void [[01;35m[K-Wreturn-type[m[K]
   62 |         [01;35m[K}[m[K
      |         [01;35m[K^[m[K
[01m[K/home/dt/HRIPapers/BehaviorTreeWork/src/planning/src/BT_pnp.cpp:[m[K At global scope:
[01m[K/home/dt/HRIPapers/BehaviorTreeWork/src/planning/src/BT_pnp.cpp:93:18:[m[K [01;31m[Kerror: [m[Kexpected unqualified-id before ‘[01m[Kconst[m[K’
   93 |         gotoGoal([01;31m[Kconst[m[K std::string& name, const BT::NodeConfiguration& config, geometry_msgs::Pose& pose, my_planning::MyPlanningClass* planning)
      |                  [01;31m[K^~~~~[m[K
[01m[K/home/dt/HRIPapers/BehaviorTreeWork/src/planning/src/BT_pnp.cpp:93:18:[m[K [01;31m[Kerror: [m[Kexpected ‘[01m[K)[m[K’ before ‘[01m[Kconst[m[K’
   93 |         gotoGoal[34m[K([m[K[01;31m[Kc[m[K[32m[Konst[m[K std::string& name, const BT::NodeConfiguration& config, geometry_msgs::Pose& pose, my_planning::MyPlanningClass* planning)
      |                 [34m[K~[m[K[01;31m[K^[m[K[32m[K~~~~[m[K
      |                  [32m[K)[m[K
[01m[K/home/dt/HRIPapers/BehaviorTreeWork/src/planning/src/BT_pnp.cpp:96:59:[m[K [01;31m[Kerror: [m[KISO C++ forbids declaration of ‘[01m[Kparameter[m[K’ with no type [[01;31m[K-fpermissive[m[K]
   96 |         void DetectArucoPlacesCallback(const &aruco_msgs::[01;31m[KMarkerArray[m[K msg){
      |                                                           [01;31m[K^~~~~~~~~~~[m[K
[01m[K/home/dt/HRIPapers/BehaviorTreeWork/src/planning/src/BT_pnp.cpp:96:47:[m[K [01;31m[Kerror: [m[Kexpected ‘[01m[K,[m[K’ or ‘[01m[K...[m[K’
   96 |         void DetectArucoPlacesCallback(const &[01;31m[Karuco_msgs[m[K::MarkerArray msg){
      |                                               [01;31m[K^~~~~~~~~~[m[K
[01m[K/home/dt/HRIPapers/BehaviorTreeWork/src/planning/src/BT_pnp.cpp:[m[K In member function ‘[01m[Kvoid DetectArucoPlaces::DetectArucoPlacesCallback(const int&)[m[K’:
[01m[K/home/dt/HRIPapers/BehaviorTreeWork/src/planning/src/BT_pnp.cpp:97:32:[m[K [01;31m[Kerror: [m[K‘[01m[Kmsg[m[K’ was not declared in this scope
   97 |             for(int i = 0; i < [01;31m[Kmsg[m[K->markers.size(); i++){
      |                                [01;31m[K^~~[m[K
[01m[K/home/dt/HRIPapers/BehaviorTreeWork/src/planning/src/BT_pnp.cpp:[m[K In member function ‘[01m[Kvirtual BT::NodeStatus DetectArucoPlaces::tick()[m[K’:
[01m[K/home/dt/HRIPapers/BehaviorTreeWork/src/planning/src/BT_pnp.cpp:104:43:[m[K [01;31m[Kerror: [m[Kno matching function for call to ‘[01m[Kinit(const char [19])[m[K’
  104 |             ros::init("custom_interfacing"[01;31m[K)[m[K;
      |                                           [01;31m[K^[m[K
In file included from [01m[K/opt/ros/noetic/include/ros/node_handle.h:47[m[K,
                 from [01m[K/opt/ros/noetic/include/ros/ros.h:45[m[K,
                 from [01m[K/opt/ros/noetic/include/urdf/model.h:50[m[K,
                 from [01m[K/opt/ros/noetic/include/moveit/robot_model/robot_model.h:42[m[K,
                 from [01m[K/opt/ros/noetic/include/moveit/robot_state/robot_state.h:40[m[K,
                 from [01m[K/opt/ros/noetic/include/moveit/move_group_interface/move_group_interface.h:41[m[K,
                 from [01m[K/home/dt/HRIPapers/BehaviorTreeWork/src/planning/include/planning.h:1[m[K,
                 from [01m[K/home/dt/HRIPapers/BehaviorTreeWork/src/planning/src/BT_pnp.cpp:1[m[K:
[01m[K/opt/ros/noetic/include/ros/init.h:83:18:[m[K [01;36m[Knote: [m[Kcandidate: ‘[01m[Kvoid ros::init(int&, char**, const string&, uint32_t)[m[K’
   83 | ROSCPP_DECL void [01;36m[Kinit[m[K(int &argc, char **argv, const std::string& name, uint32_t options = 0);
      |                  [01;36m[K^~~~[m[K
[01m[K/opt/ros/noetic/include/ros/init.h:83:18:[m[K [01;36m[Knote: [m[K  candidate expects 4 arguments, 1 provided
In file included from [01m[K/opt/ros/noetic/include/ros/node_handle.h:47[m[K,
                 from [01m[K/opt/ros/noetic/include/ros/ros.h:45[m[K,
                 from [01m[K/opt/ros/noetic/include/urdf/model.h:50[m[K,
                 from [01m[K/opt/ros/noetic/include/moveit/robot_model/robot_model.h:42[m[K,
                 from [01m[K/opt/ros/noetic/include/moveit/robot_state/robot_state.h:40[m[K,
                 from [01m[K/opt/ros/noetic/include/moveit/move_group_interface/move_group_interface.h:41[m[K,
                 from [01m[K/home/dt/HRIPapers/BehaviorTreeWork/src/planning/include/planning.h:1[m[K,
                 from [01m[K/home/dt/HRIPapers/BehaviorTreeWork/src/planning/src/BT_pnp.cpp:1[m[K:
[01m[K/opt/ros/noetic/include/ros/init.h:93:18:[m[K [01;36m[Knote: [m[Kcandidate: ‘[01m[Kvoid ros::init(const M_string&, const string&, uint32_t)[m[K’
   93 | ROSCPP_DECL void [01;36m[Kinit[m[K(const M_string& remappings, const std::string& name, uint32_t options = 0);
      |                  [01;36m[K^~~~[m[K
[01m[K/opt/ros/noetic/include/ros/init.h:93:18:[m[K [01;36m[Knote: [m[K  candidate expects 3 arguments, 1 provided
[01m[K/opt/ros/noetic/include/ros/init.h:103:18:[m[K [01;36m[Knote: [m[Kcandidate: ‘[01m[Kvoid ros::init(const VP_string&, const string&, uint32_t)[m[K’
  103 | ROSCPP_DECL void [01;36m[Kinit[m[K(const VP_string& remapping_args, const std::string& name, uint32_t options = 0);
      |                  [01;36m[K^~~~[m[K
[01m[K/opt/ros/noetic/include/ros/init.h:103:18:[m[K [01;36m[Knote: [m[K  candidate expects 3 arguments, 1 provided
[01m[K/home/dt/HRIPapers/BehaviorTreeWork/src/planning/src/BT_pnp.cpp:105:76:[m[K [01;31m[Kerror: [m[Kinvalid use of non-static member function ‘[01m[Kvoid DetectArucoPlaces::DetectArucoPlacesCallback(const int&)[m[K’
  105 |             ros::Subscriber sub = nh_.subscribe("/name_of_topic", 1, [01;31m[Kthis->DetectArucoPlacesCallback[m[K);
      |                                                                      [01;31m[K~~~~~~^~~~~~~~~~~~~~~~~~~~~~~~~[m[K
[01m[K/home/dt/HRIPapers/BehaviorTreeWork/src/planning/src/BT_pnp.cpp:96:14:[m[K [01;36m[Knote: [m[Kdeclared here
   96 |         void [01;36m[KDetectArucoPlacesCallback[m[K(const &aruco_msgs::MarkerArray msg){
      |              [01;36m[K^~~~~~~~~~~~~~~~~~~~~~~~~[m[K
[01m[K/home/dt/HRIPapers/BehaviorTreeWork/src/planning/src/BT_pnp.cpp:106:9:[m[K [01;35m[Kwarning: [m[Kno return statement in function returning non-void [[01;35m[K-Wreturn-type[m[K]
  106 |         [01;35m[K}[m[K
      |         [01;35m[K^[m[K
make[2]: *** [CMakeFiles/run.dir/build.make:63: CMakeFiles/run.dir/src/BT_pnp.cpp.o] Error 1
make[1]: *** [CMakeFiles/Makefile2:1585: CMakeFiles/run.dir/all] Error 2
make: *** [Makefile:141: all] Error 2
