[35m[1mScanning dependencies of target run[0m
[ 50%] Built target planning
[ 75%] [32m[1mLinking CXX executable /home/dt/HRIPapers/BehaviorTreeWork/devel/.private/planning/lib/planning/run[0m
/usr/bin/ld: CMakeFiles/run.dir/src/run.cpp.o: in function `my_planning::MyPlanningClass::~MyPlanningClass()':
run.cpp:(.text._ZN11my_planning15MyPlanningClassD2Ev[_ZN11my_planning15MyPlanningClassD5Ev]+0x16): undefined reference to `moveit::planning_interface::PlanningSceneInterface::~PlanningSceneInterface()'
/usr/bin/ld: run.cpp:(.text._ZN11my_planning15MyPlanningClassD2Ev[_ZN11my_planning15MyPlanningClassD5Ev]+0x23): undefined reference to `moveit::planning_interface::MoveGroupInterface::~MoveGroupInterface()'
/usr/bin/ld: CMakeFiles/run.dir/src/run.cpp.o: in function `my_planning::MyPlanningClass::MyPlanningClass()':
run.cpp:(.text._ZN11my_planning15MyPlanningClassC2Ev[_ZN11my_planning15MyPlanningClassC5Ev]+0x7b): undefined reference to `moveit::planning_interface::MoveGroupInterface::MoveGroupInterface(std::__cxx11::basic_string<char, std::char_traits<char>, std::allocator<char> > const&, std::shared_ptr<tf2_ros::Buffer> const&, ros::WallDuration const&)'
/usr/bin/ld: run.cpp:(.text._ZN11my_planning15MyPlanningClassC2Ev[_ZN11my_planning15MyPlanningClassC5Ev]+0xda): undefined reference to `moveit::planning_interface::PlanningSceneInterface::PlanningSceneInterface(std::__cxx11::basic_string<char, std::char_traits<char>, std::allocator<char> > const&, bool)'
/usr/bin/ld: run.cpp:(.text._ZN11my_planning15MyPlanningClassC2Ev[_ZN11my_planning15MyPlanningClassC5Ev]+0x2ac): undefined reference to `moveit::planning_interface::MoveGroupInterface::allowReplanning(bool)'
/usr/bin/ld: run.cpp:(.text._ZN11my_planning15MyPlanningClassC2Ev[_ZN11my_planning15MyPlanningClassC5Ev]+0x2b9): undefined reference to `moveit::planning_interface::MoveGroupInterface::setNumPlanningAttempts(unsigned int)'
/usr/bin/ld: run.cpp:(.text._ZN11my_planning15MyPlanningClassC2Ev[_ZN11my_planning15MyPlanningClassC5Ev]+0x385): undefined reference to `moveit::planning_interface::PlanningSceneInterface::~PlanningSceneInterface()'
/usr/bin/ld: run.cpp:(.text._ZN11my_planning15MyPlanningClassC2Ev[_ZN11my_planning15MyPlanningClassC5Ev]+0x38d): undefined reference to `moveit::planning_interface::MoveGroupInterface::~MoveGroupInterface()'
/usr/bin/ld: CMakeFiles/run.dir/src/run.cpp.o: in function `main.cold':
run.cpp:(.text.unlikely+0x1d): undefined reference to `ros::NodeHandle::~NodeHandle()'
/usr/bin/ld: CMakeFiles/run.dir/src/run.cpp.o: in function `main':
run.cpp:(.text.startup+0x56): undefined reference to `ros::init(int&, char**, std::__cxx11::basic_string<char, std::char_traits<char>, std::allocator<char> > const&, unsigned int)'
/usr/bin/ld: run.cpp:(.text.startup+0xd8): undefined reference to `ros::NodeHandle::NodeHandle(std::__cxx11::basic_string<char, std::char_traits<char>, std::allocator<char> > const&, std::map<std::__cxx11::basic_string<char, std::char_traits<char>, std::allocator<char> >, std::__cxx11::basic_string<char, std::char_traits<char>, std::allocator<char> >, std::less<std::__cxx11::basic_string<char, std::char_traits<char>, std::allocator<char> > >, std::allocator<std::pair<std::__cxx11::basic_string<char, std::char_traits<char>, std::allocator<char> > const, std::__cxx11::basic_string<char, std::char_traits<char>, std::allocator<char> > > > > const&)'
/usr/bin/ld: run.cpp:(.text.startup+0x105): undefined reference to `ros::AsyncSpinner::AsyncSpinner(unsigned int)'
/usr/bin/ld: run.cpp:(.text.startup+0x10d): undefined reference to `ros::AsyncSpinner::start()'
/usr/bin/ld: run.cpp:(.text.startup+0x120): undefined reference to `ros::console::g_initialized'
/usr/bin/ld: run.cpp:(.text.startup+0x154): undefined reference to `ros::console::g_initialized'
/usr/bin/ld: run.cpp:(.text.startup+0x188): undefined reference to `ros::console::g_initialized'
/usr/bin/ld: run.cpp:(.text.startup+0x1bc): undefined reference to `ros::console::g_initialized'
/usr/bin/ld: run.cpp:(.text.startup+0x209): undefined reference to `ros::NodeHandle::~NodeHandle()'
/usr/bin/ld: run.cpp:(.text.startup+0x267): undefined reference to `my_planning::MyPlanningClass::removeObjects()'
/usr/bin/ld: run.cpp:(.text.startup+0x26f): undefined reference to `ros::AsyncSpinner::stop()'
/usr/bin/ld: run.cpp:(.text.startup+0x284): undefined reference to `ros::console::initialize()'
/usr/bin/ld: run.cpp:(.text.startup+0x2ac): undefined reference to `ros::console::initializeLogLocation(ros::console::LogLocation*, std::__cxx11::basic_string<char, std::char_traits<char>, std::allocator<char> > const&, ros::console::levels::Level)'
/usr/bin/ld: run.cpp:(.text.startup+0x2d7): undefined reference to `ros::console::setLogLocationLevel(ros::console::LogLocation*, ros::console::levels::Level)'
/usr/bin/ld: run.cpp:(.text.startup+0x2e3): undefined reference to `ros::console::checkLogLocationEnabled(ros::console::LogLocation*)'
/usr/bin/ld: run.cpp:(.text.startup+0x31b): undefined reference to `ros::console::print(ros::console::FilterBase*, void*, ros::console::levels::Level, char const*, int, char const*, char const*, ...)'
/usr/bin/ld: run.cpp:(.text.startup+0x329): undefined reference to `ros::console::initialize()'
/usr/bin/ld: run.cpp:(.text.startup+0x351): undefined reference to `ros::console::initializeLogLocation(ros::console::LogLocation*, std::__cxx11::basic_string<char, std::char_traits<char>, std::allocator<char> > const&, ros::console::levels::Level)'
/usr/bin/ld: run.cpp:(.text.startup+0x37c): undefined reference to `ros::console::setLogLocationLevel(ros::console::LogLocation*, ros::console::levels::Level)'
/usr/bin/ld: run.cpp:(.text.startup+0x388): undefined reference to `ros::console::checkLogLocationEnabled(ros::console::LogLocation*)'
/usr/bin/ld: run.cpp:(.text.startup+0x3c1): undefined reference to `ros::console::print(ros::console::FilterBase*, void*, ros::console::levels::Level, char const*, int, char const*, char const*, ...)'
/usr/bin/ld: run.cpp:(.text.startup+0x3cf): undefined reference to `ros::console::initialize()'
/usr/bin/ld: run.cpp:(.text.startup+0x3f7): undefined reference to `ros::console::initializeLogLocation(ros::console::LogLocation*, std::__cxx11::basic_string<char, std::char_traits<char>, std::allocator<char> > const&, ros::console::levels::Level)'
/usr/bin/ld: run.cpp:(.text.startup+0x422): undefined reference to `ros::console::setLogLocationLevel(ros::console::LogLocation*, ros::console::levels::Level)'
/usr/bin/ld: run.cpp:(.text.startup+0x42e): undefined reference to `ros::console::checkLogLocationEnabled(ros::console::LogLocation*)'
/usr/bin/ld: run.cpp:(.text.startup+0x467): undefined reference to `ros::console::print(ros::console::FilterBase*, void*, ros::console::levels::Level, char const*, int, char const*, char const*, ...)'
/usr/bin/ld: run.cpp:(.text.startup+0x473): undefined reference to `ros::console::initialize()'
/usr/bin/ld: run.cpp:(.text.startup+0x49b): undefined reference to `ros::console::initializeLogLocation(ros::console::LogLocation*, std::__cxx11::basic_string<char, std::char_traits<char>, std::allocator<char> > const&, ros::console::levels::Level)'
/usr/bin/ld: run.cpp:(.text.startup+0x4c6): undefined reference to `ros::console::setLogLocationLevel(ros::console::LogLocation*, ros::console::levels::Level)'
/usr/bin/ld: run.cpp:(.text.startup+0x4d2): undefined reference to `ros::console::checkLogLocationEnabled(ros::console::LogLocation*)'
/usr/bin/ld: run.cpp:(.text.startup+0x50a): undefined reference to `ros::console::print(ros::console::FilterBase*, void*, ros::console::levels::Level, char const*, int, char const*, char const*, ...)'
/usr/bin/ld: run.cpp:(.text.startup+0x516): undefined reference to `my_planning::MyPlanningClass::goToPoseGoal()'
/usr/bin/ld: run.cpp:(.text.startup+0x520): undefined reference to `my_planning::MyPlanningClass::goToJointState()'
/usr/bin/ld: run.cpp:(.text.startup+0x52a): undefined reference to `my_planning::MyPlanningClass::cartesianPath()'
/usr/bin/ld: run.cpp:(.text.startup+0x534): undefined reference to `my_planning::MyPlanningClass::addObjects()'
collect2: error: ld returned 1 exit status
make[2]: *** [CMakeFiles/run.dir/build.make:84: /home/dt/HRIPapers/BehaviorTreeWork/devel/.private/planning/lib/planning/run] Error 1
make[1]: *** [CMakeFiles/Makefile2:1585: CMakeFiles/run.dir/all] Error 2
make: *** [Makefile:141: all] Error 2
