[01m[K/home/dt/HRIPapers/BehaviorTreeWork/src/planning/src/BT_pnp.cpp:[m[K In member function ‘[01m[Kvirtual BT::NodeStatus Pick::tick()[m[K’:
[01m[K/home/dt/HRIPapers/BehaviorTreeWork/src/planning/src/BT_pnp.cpp:29:9:[m[K [01;35m[Kwarning: [m[Kno return statement in function returning non-void [[01;35m[K-Wreturn-type[m[K]
   29 |         [01;35m[K}[m[K
      |         [01;35m[K^[m[K
[01m[K/home/dt/HRIPapers/BehaviorTreeWork/src/planning/src/BT_pnp.cpp:[m[K In member function ‘[01m[Kvirtual BT::NodeStatus gotoGoal::tick()[m[K’:
[01m[K/home/dt/HRIPapers/BehaviorTreeWork/src/planning/src/BT_pnp.cpp:64:9:[m[K [01;35m[Kwarning: [m[Kno return statement in function returning non-void [[01;35m[K-Wreturn-type[m[K]
   64 |         [01;35m[K}[m[K
      |         [01;35m[K^[m[K
[01m[K/home/dt/HRIPapers/BehaviorTreeWork/src/planning/src/BT_pnp.cpp:[m[K At global scope:
[01m[K/home/dt/HRIPapers/BehaviorTreeWork/src/planning/src/BT_pnp.cpp:106:24:[m[K [01;31m[Kerror: [m[K‘[01m[KBT::NodeStatus DetectArucoPlaces::tick()[m[K’ marked ‘[01m[Koverride[m[K’, but does not override
  106 |         BT::NodeStatus [01;31m[Ktick[m[K() override{
      |                        [01;31m[K^~~~[m[K
[01m[K/home/dt/HRIPapers/BehaviorTreeWork/src/planning/src/BT_pnp.cpp:[m[K In constructor ‘[01m[KDetectArucoPlaces::DetectArucoPlaces(const string&, const BT::NodeConfiguration&)[m[K’:
[01m[K/home/dt/HRIPapers/BehaviorTreeWork/src/planning/src/BT_pnp.cpp:97:17:[m[K [01;31m[Kerror: [m[Ktype ‘[01m[KBT::SyncActionNode[m[K’ is not a direct base of ‘[01m[KDetectArucoPlaces[m[K’
   97 |         :   BT::[01;31m[KSyncActionNode[m[K(name, config){ }
      |                 [01;31m[K^~~~~~~~~~~~~~[m[K
[01m[K/home/dt/HRIPapers/BehaviorTreeWork/src/planning/src/BT_pnp.cpp:[m[K In member function ‘[01m[KBT::NodeStatus DetectArucoPlaces::tick()[m[K’:
[01m[K/home/dt/HRIPapers/BehaviorTreeWork/src/planning/src/BT_pnp.cpp:110:70:[m[K [01;31m[Kerror: [m[Kinvalid use of non-static member function ‘[01m[Kvoid DetectArucoPlaces::DetectArucoPlacesCallback(aruco_msgs::MarkerArray_<std::allocator<void> >::Ptr)[m[K’
  110 |             ros::Subscriber sub = nh_.subscribe("/name_of_topic", 1, [01;31m[KDetectArucoPlacesCallback[m[K);
      |                                                                      [01;31m[K^~~~~~~~~~~~~~~~~~~~~~~~~[m[K
[01m[K/home/dt/HRIPapers/BehaviorTreeWork/src/planning/src/BT_pnp.cpp:99:14:[m[K [01;36m[Knote: [m[Kdeclared here
   99 |         void [01;36m[KDetectArucoPlacesCallback[m[K(const aruco_msgs::MarkerArray::Ptr msg){
      |              [01;36m[K^~~~~~~~~~~~~~~~~~~~~~~~~[m[K
[01m[K/home/dt/HRIPapers/BehaviorTreeWork/src/planning/src/BT_pnp.cpp:111:9:[m[K [01;35m[Kwarning: [m[Kno return statement in function returning non-void [[01;35m[K-Wreturn-type[m[K]
  111 |         [01;35m[K}[m[K
      |         [01;35m[K^[m[K
make[2]: *** [CMakeFiles/run.dir/build.make:63: CMakeFiles/run.dir/src/BT_pnp.cpp.o] Error 1
make[1]: *** [CMakeFiles/Makefile2:1613: CMakeFiles/run.dir/all] Error 2
make: *** [Makefile:141: all] Error 2
