[36m--[0m Using CATKIN_DEVEL_PREFIX: /home/dt/HRIPapers/BehaviorTreeWork/devel/.private/planning
[36m--[0m Using CMAKE_PREFIX_PATH: /home/dt/HRIPapers/BehaviorTreeWork/devel;/home/dt/Classes-Fall22/Motion-Planning-Classes/HectorSimul/devel;/home/dt/Classes-Fall22/Motion-Planning-Classes/RotorsSimul/devel;/opt/ros/noetic
[36m--[0m This workspace overlays: /home/dt/HRIPapers/BehaviorTreeWork/devel;/home/dt/Classes-Fall22/Motion-Planning-Classes/HectorSimul/devel;/home/dt/Classes-Fall22/Motion-Planning-Classes/RotorsSimul/devel;/opt/ros/noetic
[36m--[0m Found PythonInterp: /usr/bin/python3 (found suitable version "3.8.10", minimum required is "3")
[36m--[0m Using PYTHON_EXECUTABLE: /usr/bin/python3
[36m--[0m Using Debian Python package layout
[36m--[0m Using empy: /usr/lib/python3/dist-packages/em.py
[36m--[0m Using CATKIN_ENABLE_TESTING: ON
[36m--[0m Call enable_testing()
[36m--[0m Using CATKIN_TEST_RESULTS_DIR: /home/dt/HRIPapers/BehaviorTreeWork/build/planning/test_results
[36m--[0m Forcing gtest/gmock from source, though one was otherwise available.
[36m--[0m Found gtest sources under '/usr/src/googletest': gtests will be built
[36m--[0m Found gmock sources under '/usr/src/googletest': gmock will be built
[36m--[0m Found PythonInterp: /usr/bin/python3 (found version "3.8.10")
[36m--[0m Using Python nosetests: /usr/bin/nosetests3
[36m--[0m catkin 0.8.10
[36m--[0m BUILD_SHARED_LIBS is on
[36m--[0m Could NOT find behaviortree_cpp (missing: behaviortree_cpp_DIR)
[36m--[0m Could not find the required component 'behaviortree_cpp'. The following CMake error indicates that you either need to install the package with the same name or change your environment so that it can be found.
[31m[1mCMake Error[0m at /opt/ros/noetic/share/catkin/cmake/catkinConfig.cmake:83 (find_package):
  Could not find a package configuration file provided by "behaviortree_cpp"
  with any of the following names:

    behaviortree_cppConfig.cmake
    behaviortree_cpp-config.cmake

  Add the installation prefix of "behaviortree_cpp" to CMAKE_PREFIX_PATH or
  set "behaviortree_cpp_DIR" to a directory containing one of the above
  files.  If "behaviortree_cpp" provides a separate development package or
  SDK, be sure it has been installed.
[36mCall Stack (most recent call first):[0m
  CMakeLists.txt:13 (find_package)


[36m--[0m Configuring incomplete, errors occurred!
See also "/home/dt/HRIPapers/BehaviorTreeWork/build/planning/CMakeFiles/CMakeOutput.log".
See also "/home/dt/HRIPapers/BehaviorTreeWork/build/planning/CMakeFiles/CMakeError.log".
make: *** [Makefile:1710: cmake_check_build_system] Error 1
