In file included from [01m[K/home/dt/HRIPapers/BehaviorTreeWork/src/planning/src/BT_pnp.cpp:2[m[K:
[01m[K/home/dt/HRIPapers/BehaviorTreeWork/src/planning/include/aruco.h:[m[K In static member function ‘[01m[Kstatic void callback::aruco_class::DetectArucoPlacesCallback(aruco_msgs::MarkerArray_<std::allocator<void> >::Ptr)[m[K’:
[01m[K/home/dt/HRIPapers/BehaviorTreeWork/src/planning/include/aruco.h:12:17:[m[K [01;31m[Kerror: [m[Kinvalid use of member ‘[01m[Kcallback::aruco_class::Poses[m[K’ in static member function
   12 |                 [01;31m[KPoses[m[K.push_back(msg->markers[i].pose);
      |                 [01;31m[K^~~~~[m[K
[01m[K/home/dt/HRIPapers/BehaviorTreeWork/src/planning/include/aruco.h:7:56:[m[K [01;36m[Knote: [m[Kdeclared here
    7 |         std::vector<geometry_msgs::PoseWithCovariance> [01;36m[KPoses[m[K;
      |                                                        [01;36m[K^~~~~[m[K
[01m[K/home/dt/HRIPapers/BehaviorTreeWork/src/planning/include/aruco.h:13:17:[m[K [01;31m[Kerror: [m[Kinvalid use of member ‘[01m[Kcallback::aruco_class::labels[m[K’ in static member function
   13 |                 [01;31m[Klabels[m[K.push_back(msg->markers[i].id);
      |                 [01;31m[K^~~~~~[m[K
[01m[K/home/dt/HRIPapers/BehaviorTreeWork/src/planning/include/aruco.h:6:26:[m[K [01;36m[Knote: [m[Kdeclared here
    6 |         std::vector<int> [01;36m[Klabels[m[K;
      |                          [01;36m[K^~~~~~[m[K
[01m[K/home/dt/HRIPapers/BehaviorTreeWork/src/planning/src/BT_pnp.cpp:[m[K In member function ‘[01m[KBT::NodeStatus Actions::Pick(my_planning::MyPlanningClass*)[m[K’:
[01m[K/home/dt/HRIPapers/BehaviorTreeWork/src/planning/src/BT_pnp.cpp:21:9:[m[K [01;35m[Kwarning: [m[Kno return statement in function returning non-void [[01;35m[K-Wreturn-type[m[K]
   21 |         [01;35m[K}[m[K
      |         [01;35m[K^[m[K
[01m[K/home/dt/HRIPapers/BehaviorTreeWork/src/planning/src/BT_pnp.cpp:[m[K In member function ‘[01m[KBT::NodeStatus Actions::gotoGoal(geometry_msgs::Pose&, my_planning::MyPlanningClass*)[m[K’:
[01m[K/home/dt/HRIPapers/BehaviorTreeWork/src/planning/src/BT_pnp.cpp:24:9:[m[K [01;35m[Kwarning: [m[Kno return statement in function returning non-void [[01;35m[K-Wreturn-type[m[K]
   24 |         [01;35m[K}[m[K
      |         [01;35m[K^[m[K
[01m[K/home/dt/HRIPapers/BehaviorTreeWork/src/planning/src/BT_pnp.cpp:[m[K In member function ‘[01m[KBT::NodeStatus Actions::Place(my_planning::MyPlanningClass*)[m[K’:
[01m[K/home/dt/HRIPapers/BehaviorTreeWork/src/planning/src/BT_pnp.cpp:28:9:[m[K [01;35m[Kwarning: [m[Kno return statement in function returning non-void [[01;35m[K-Wreturn-type[m[K]
   28 |         [01;35m[K}[m[K
      |         [01;35m[K^[m[K
[01m[K/home/dt/HRIPapers/BehaviorTreeWork/src/planning/src/BT_pnp.cpp:[m[K In member function ‘[01m[KBT::NodeStatus Actions::DetectArucoMarkers()[m[K’:
[01m[K/home/dt/HRIPapers/BehaviorTreeWork/src/planning/src/BT_pnp.cpp:36:9:[m[K [01;35m[Kwarning: [m[Kno return statement in function returning non-void [[01;35m[K-Wreturn-type[m[K]
   36 |         [01;35m[K}[m[K
      |         [01;35m[K^[m[K
make[2]: *** [CMakeFiles/run.dir/build.make:63: CMakeFiles/run.dir/src/BT_pnp.cpp.o] Error 1
make[1]: *** [CMakeFiles/Makefile2:1613: CMakeFiles/run.dir/all] Error 2
make: *** [Makefile:141: all] Error 2
